<?xml version="1.0" encoding="UTF-8"?>
<testsuite name="com.estoque.projedata.ProjedataApplicationTests" tests="1" skipped="0" failures="0" errors="0" timestamp="2026-02-10T13:56:37" hostname="DESKTOP-QDVGD1J" time="0.004">
  <properties/>
  <testcase name="contextLoads()" classname="com.estoque.projedata.ProjedataApplicationTests" time="0.004"/>
  <system-out><![CDATA[2026-02-10T10:56:33.582-03:00  INFO 9708 --- [projedata] [    Test worker] t.c.s.AnnotationConfigContextLoaderUtils : Could not detect default configuration classes for test class [com.estoque.projedata.ProjedataApplicationTests]: ProjedataApplicationTests does not declare any static, non-private, non-final, nested classes annotated with @Configuration.
2026-02-10T10:56:33.582-03:00  INFO 9708 --- [projedata] [    Test worker] .b.t.c.SpringBootTestContextBootstrapper : Found @SpringBootConfiguration com.estoque.projedata.ProjedataApplication for test class com.estoque.projedata.ProjedataApplicationTests

  .   ____          _            __ _ _
 /\\ / ___'_ __ _ _(_)_ __  __ _ \ \ \ \
( ( )\___ | '_ | '_| | '_ \/ _` | \ \ \ \
 \\/  ___)| |_)| | | | | || (_| |  ) ) ) )
  '  |____| .__|_| |_|_| |_\__, | / / / /
 =========|_|==============|___/=/_/_/_/
 :: Spring Boot ::                (v3.2.5)

2026-02-10T10:56:33.619-03:00  INFO 9708 --- [projedata] [    Test worker] c.e.projedata.ProjedataApplicationTests  : Starting ProjedataApplicationTests using Java 17.0.12 with PID 9708 (started by Kobaldo in C:\Users\Pichau\Downloads\projedata\projedata)
2026-02-10T10:56:33.619-03:00  INFO 9708 --- [projedata] [    Test worker] c.e.projedata.ProjedataApplicationTests  : No active profile set, falling back to 1 default profile: "default"
2026-02-10T10:56:33.966-03:00  INFO 9708 --- [projedata] [    Test worker] .s.d.r.c.RepositoryConfigurationDelegate : Bootstrapping Spring Data JPA repositories in DEFAULT mode.
2026-02-10T10:56:34.026-03:00  INFO 9708 --- [projedata] [    Test worker] .s.d.r.c.RepositoryConfigurationDelegate : Finished Spring Data repository scanning in 41 ms. Found 2 JPA repository interfaces.
2026-02-10T10:56:34.365-03:00  INFO 9708 --- [projedata] [    Test worker] o.hibernate.jpa.internal.util.LogHelper  : HHH000204: Processing PersistenceUnitInfo [name: default]
2026-02-10T10:56:34.499-03:00  INFO 9708 --- [projedata] [    Test worker] org.hibernate.Version                    : HHH000412: Hibernate ORM core version 6.4.4.Final
2026-02-10T10:56:34.566-03:00  INFO 9708 --- [projedata] [    Test worker] o.h.c.internal.RegionFactoryInitiator    : HHH000026: Second-level cache disabled
2026-02-10T10:56:34.741-03:00  INFO 9708 --- [projedata] [    Test worker] o.s.o.j.p.SpringPersistenceUnitInfo      : No LoadTimeWeaver setup: ignoring JPA class transformer
2026-02-10T10:56:34.783-03:00  INFO 9708 --- [projedata] [    Test worker] com.zaxxer.hikari.HikariDataSource       : HikariPool-1 - Starting...
2026-02-10T10:56:35.166-03:00  INFO 9708 --- [projedata] [    Test worker] com.zaxxer.hikari.pool.HikariPool        : HikariPool-1 - Added connection org.postgresql.jdbc.PgConnection@7290782a
2026-02-10T10:56:35.166-03:00  INFO 9708 --- [projedata] [    Test worker] com.zaxxer.hikari.HikariDataSource       : HikariPool-1 - Start completed.
2026-02-10T10:56:35.231-03:00  WARN 9708 --- [projedata] [    Test worker] org.hibernate.orm.deprecation            : HHH90000025: PostgreSQLDialect does not need to be specified explicitly using 'hibernate.dialect' (remove the property setting and it will be selected by default)
2026-02-10T10:56:36.625-03:00  INFO 9708 --- [projedata] [    Test worker] o.h.e.t.j.p.i.JtaPlatformInitiator       : HHH000489: No JTA platform available (set 'hibernate.transaction.jta.platform' to enable JTA platform integration)
2026-02-10T10:56:36.719-03:00  INFO 9708 --- [projedata] [    Test worker] j.LocalContainerEntityManagerFactoryBean : Initialized JPA EntityManagerFactory for persistence unit 'default'
2026-02-10T10:56:37.290-03:00  WARN 9708 --- [projedata] [    Test worker] JpaBaseConfiguration$JpaWebConfiguration : spring.jpa.open-in-view is enabled by default. Therefore, database queries may be performed during view rendering. Explicitly configure spring.jpa.open-in-view to disable this warning
2026-02-10T10:56:37.502-03:00  INFO 9708 --- [projedata] [    Test worker] c.e.projedata.ProjedataApplicationTests  : Started ProjedataApplicationTests in 3.92 seconds (process running for 9.918)
]]></system-out>
  <system-err><![CDATA[]]></system-err>
</testsuite>
